INFO    : Staging deployment according to strategy default_target
INFO    : Since no target was supplied, we will use "web".

INFO    : Staging latest build located in `/home/ecb5/Dropbox/Books/MyBooks/ASORA-SecondEdition/output/web` at `/home/ecb5/Dropbox/Books/MyBooks/ASORA-SecondEdition/output/stage`.
INFO    : 
INFO    : Preparing to deploy from active `main` git branch.
INFO    : 
INFO    : Changes to project source since last commit detected.
INFO    : Add/committing these changes to local Git repository.
INFO    : 
WARNING : Remote GitHub repository is not yet configured.
INFO    : 
INFO    : And if you haven't already, create a remote GitHub repository for this project at:
INFO    :     https://github.com/new
INFO    : (Do NOT check any "initialize" options.)
INFO    : On the next page, copy the "HTTPS" version of the URL in the "Quick Setup" section.
INFO    : 
INFO    : 
INFO    : Next, set up a GitHub personal access token. Instructions:
INFO    :     https://docs.github.com/en/authentication/keeping-your-account-and-data-secure/managing-your-personal-access-tokens#creating-a-personal-access-token-classic
INFO    : Be sure to check the `repo` and `workflow` scopes when generating this token.
INFO    : 
INFO    : 
INFO    : Committing your latest build to the `gh-pages` branch.
INFO    : 
INFO    : Attempting to connect to remote repository at `https://ecb5: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@github.com/ecb5/IntCalc.git`...
INFO    : 
INFO    : 
INFO    : Latest build successfully pushed to GitHub!
INFO    : 
INFO    : To enable GitHub Pages, visit
INFO    :     https://github.com/ecb5/IntCalc/settings/pages
INFO    : selecting the `gh-pages` branch with the `/ (root)` folder.
INFO    : 
INFO    : Visit
INFO    :     https://github.com/ecb5/IntCalc/actions/
INFO    : to check on the status of your GitHub Pages deployment.
INFO    : 
INFO    : Your built project will soon be available to the public at:
INFO    :     https://ecb5.github.io/IntCalc/
INFO    : 
