INFO    : Building target web
INFO    : PreTeXt source passed schema validation.
INFO    : Generating any needed assets.
INFO    : Finished generating assets.

INFO    : Preparing to build into /home/ecb5/Dropbox/Books/MyBooks/ASORA-SecondEdition/output/web.
WARNING : Node.js must be installed to build CSS files.  Please install node.js and npm.
 Will try to use prebuilt CSS files instead.
WARNING : Cannot find npm.  Will try to use prebuilt CSS files instead.
WARNING : Unable to install npm packages to build css files.  Non-default CSS themes require node.js and npm to be installed.  See https://pretextbook.org/doc/guide/html/node-and-npm.html
WARNING : 
INFO    : discovering source file's directory name: /home/ecb5/Dropbox/Books/MyBooks/ASORA-SecondEdition/source
INFO    : verifying and expanding input directory: /home/ecb5/Dropbox/Books/MyBooks/ASORA-SecondEdition/source/../generated-assets
INFO    : input directory expanded to absolute path: /home/ecb5/Dropbox/Books/MyBooks/ASORA-SecondEdition/generated-assets
INFO    : verifying and expanding input directory: /home/ecb5/Dropbox/Books/MyBooks/ASORA-SecondEdition/source/../assets
INFO    : input directory expanded to absolute path: /home/ecb5/Dropbox/Books/MyBooks/ASORA-SecondEdition/assets
INFO    : Runestone Services via online CDN query: version 7.9.4
INFO    : Downloading Runestone Services, version 7.9.4
INFO    : Extracting Runestone Services from archive file
INFO    : XSL conversion of /home/ecb5/Dropbox/Books/MyBooks/ASORA-SecondEdition/source/main.ptx by /home/ecb5/.ptx/2.13.5/core/xsl/utilities/report-publisher-variables.xsl
INFO    : messages from the log for XSL processing:
ERROR   : * PTX:ERROR: the @xml:id value "thm_FermatsTheorem" should be unique, but is authored multiple times.
INFO    : *            Results will be unpredictable, and likely incorrect.  Information on the locations follows:
INFO    : successful application of /home/ecb5/.ptx/2.13.5/core/xsl/utilities/report-publisher-variables.xsl
INFO    : Node.js not available. Relying on prebuilt default-modern.
INFO    : converting /home/ecb5/Dropbox/Books/MyBooks/ASORA-SecondEdition/source/main.ptx to HTML in /tmp/ptx-jv0341uy
INFO    : XSL conversion of /home/ecb5/Dropbox/Books/MyBooks/ASORA-SecondEdition/source/main.ptx by /home/ecb5/.ptx/2.13.5/core/xsl/pretext-html.xsl
INFO    : messages from the log for XSL processing:
ERROR   : * PTX:ERROR: the @xml:id value "thm_FermatsTheorem" should be unique, but is authored multiple times.
INFO    : *            Results will be unpredictable, and likely incorrect.  Information on the locations follows:
INFO    : *              located within: "thm_FermatsTheorem" (xml:id), "Fermats   Theorem" (title)
INFO    : *              located within: "thm_FermatsTheorem" (xml:id), "Fermats   Theorem" (title)
INFO    : * PTX:INFO:   checking ONLY the last TWO YEARS of element deprecations.
Rerun with the string parameter "author.deprecations.all" set to "yes" to check your source against all deprecations.
INFO    : successful application of /home/ecb5/.ptx/2.13.5/core/xsl/pretext-html.xsl
WARNING : Failed to map codechat path to xml id; codechat will not work.
INFO    : Removing temporary directory /tmp/ptx-jv0341uy
INFO    : Removing temporary directory /tmp/ptx-cmkagfa9
INFO    : 
Success! Run `pretext view` to see the results.

INFO    : 
----------------------------------------------------
INFO    : While running pretext, the following errors occurred:

INFO    : (see log messages above or in the 'logs' folder for more information)
INFO    : ----------------------------------------------------
