INFO    : Staging deployment according to strategy default_target
INFO    : Since no target was supplied, we will use "web".

INFO    : Staging latest build located in `/home/ecb5/Dropbox/Books/MyBooks/ASORA-SecondEdition/output/web` at `/home/ecb5/Dropbox/Books/MyBooks/ASORA-SecondEdition/output/stage`.
INFO    : 
INFO    : Preparing to deploy from active `main` git branch.
INFO    : 
INFO    : Changes to project source since last commit detected.
INFO    : Add/committing these changes to local Git repository.
INFO    : 
WARNING : Remote GitHub repository is not yet configured.
INFO    : 
INFO    : And if you haven't already, create a remote GitHub repository for this project at:
INFO    :     https://github.com/new
INFO    : (Do NOT check any "initialize" options.)
INFO    : On the next page, copy the "HTTPS" version of the URL in the "Quick Setup" section.
INFO    : 
INFO    : 
INFO    : Next, set up a GitHub personal access token. Instructions:
INFO    :     https://docs.github.com/en/authentication/keeping-your-account-and-data-secure/managing-your-personal-access-tokens#creating-a-personal-access-token-classic
INFO    : Be sure to check the `repo` and `workflow` scopes when generating this token.
INFO    : 
INFO    : 
INFO    : Committing your latest build to the `gh-pages` branch.
INFO    : 
INFO    : Attempting to connect to remote repository at `https://github.com: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@github.com/github.com/new`...
INFO    : 
WARNING : There was an issue connecting to GitHub repository located at https://github.com/github.com/new/
INFO    : 
INFO    : Make sure you have set up authentication for GitHub.  For more information, visit:
INFO    :     https://docs.github.com/en/authentication
INFO    : Make sure you can push changes, either from the command line or in VS Code.  Then try to deploy again.
INFO    : 
INFO    : (If `https://github.com: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@github.com/github.com/new` doesn't match your GitHub repository,
INFO    : use `git remote remove origin` on the command line then try to deploy again.)
INFO    : 
ERROR   : Deploy was unsuccessful.
INFO    : 
----------------------------------------------------
INFO    : While running pretext, the following errors occurred:

INFO    : (see log messages above or in the 'logs' folder for more information)
INFO    : ----------------------------------------------------
