INFO    : Building target print
INFO    : PreTeXt source passed schema validation.
INFO    : XSL conversion of /home/ecb5/Dropbox/Books/MyBooks/ASORA-SecondEdition/source/main.ptx by /home/ecb5/.ptx/2.27.0/core/xsl/utilities/pretext-enhanced-source.xsl
INFO    : successful application of /home/ecb5/.ptx/2.27.0/core/xsl/utilities/pretext-enhanced-source.xsl
INFO    : Generating any needed assets.
INFO    : XSL conversion of /home/ecb5/Dropbox/Books/MyBooks/ASORA-SecondEdition/source/main.ptx by /home/ecb5/.ptx/2.27.0/core/xsl/utilities/pretext-enhanced-source.xsl
INFO    : successful application of /home/ecb5/.ptx/2.27.0/core/xsl/utilities/pretext-enhanced-source.xsl
INFO    : XSL conversion of /home/ecb5/Dropbox/Books/MyBooks/ASORA-SecondEdition/source/main.ptx by /home/ecb5/.ptx/2.27.0/core/xsl/utilities/pretext-enhanced-source.xsl
INFO    : successful application of /home/ecb5/.ptx/2.27.0/core/xsl/utilities/pretext-enhanced-source.xsl
INFO    : XSL conversion of /home/ecb5/Dropbox/Books/MyBooks/ASORA-SecondEdition/source/main.ptx by /home/ecb5/.ptx/2.27.0/core/xsl/utilities/pretext-enhanced-source.xsl
INFO    : successful application of /home/ecb5/.ptx/2.27.0/core/xsl/utilities/pretext-enhanced-source.xsl
INFO    : XSL conversion of /home/ecb5/Dropbox/Books/MyBooks/ASORA-SecondEdition/source/main.ptx by /home/ecb5/.ptx/2.27.0/core/xsl/utilities/pretext-enhanced-source.xsl
INFO    : successful application of /home/ecb5/.ptx/2.27.0/core/xsl/utilities/pretext-enhanced-source.xsl
INFO    : XSL conversion of /home/ecb5/Dropbox/Books/MyBooks/ASORA-SecondEdition/source/main.ptx by /home/ecb5/.ptx/2.27.0/core/xsl/utilities/pretext-enhanced-source.xsl
INFO    : successful application of /home/ecb5/.ptx/2.27.0/core/xsl/utilities/pretext-enhanced-source.xsl
INFO    : XSL conversion of /home/ecb5/Dropbox/Books/MyBooks/ASORA-SecondEdition/source/main.ptx by /home/ecb5/.ptx/2.27.0/core/xsl/utilities/pretext-enhanced-source.xsl
INFO    : successful application of /home/ecb5/.ptx/2.27.0/core/xsl/utilities/pretext-enhanced-source.xsl
INFO    : XSL conversion of /home/ecb5/Dropbox/Books/MyBooks/ASORA-SecondEdition/source/main.ptx by /home/ecb5/.ptx/2.27.0/core/xsl/utilities/pretext-enhanced-source.xsl
INFO    : successful application of /home/ecb5/.ptx/2.27.0/core/xsl/utilities/pretext-enhanced-source.xsl
INFO    : XSL conversion of /home/ecb5/Dropbox/Books/MyBooks/ASORA-SecondEdition/source/main.ptx by /home/ecb5/.ptx/2.27.0/core/xsl/utilities/pretext-enhanced-source.xsl
INFO    : successful application of /home/ecb5/.ptx/2.27.0/core/xsl/utilities/pretext-enhanced-source.xsl
INFO    : XSL conversion of /home/ecb5/Dropbox/Books/MyBooks/ASORA-SecondEdition/source/main.ptx by /home/ecb5/.ptx/2.27.0/core/xsl/utilities/pretext-enhanced-source.xsl
INFO    : successful application of /home/ecb5/.ptx/2.27.0/core/xsl/utilities/pretext-enhanced-source.xsl
INFO    : XSL conversion of /home/ecb5/Dropbox/Books/MyBooks/ASORA-SecondEdition/source/main.ptx by /home/ecb5/.ptx/2.27.0/core/xsl/utilities/pretext-enhanced-source.xsl
INFO    : successful application of /home/ecb5/.ptx/2.27.0/core/xsl/utilities/pretext-enhanced-source.xsl
INFO    : XSL conversion of /home/ecb5/Dropbox/Books/MyBooks/ASORA-SecondEdition/source/main.ptx by /home/ecb5/.ptx/2.27.0/core/xsl/utilities/pretext-enhanced-source.xsl
INFO    : successful application of /home/ecb5/.ptx/2.27.0/core/xsl/utilities/pretext-enhanced-source.xsl
INFO    : XSL conversion of /home/ecb5/Dropbox/Books/MyBooks/ASORA-SecondEdition/source/main.ptx by /home/ecb5/.ptx/2.27.0/core/xsl/utilities/pretext-enhanced-source.xsl
INFO    : successful application of /home/ecb5/.ptx/2.27.0/core/xsl/utilities/pretext-enhanced-source.xsl
INFO    : XSL conversion of /home/ecb5/Dropbox/Books/MyBooks/ASORA-SecondEdition/source/main.ptx by /home/ecb5/.ptx/2.27.0/core/xsl/utilities/pretext-enhanced-source.xsl
INFO    : successful application of /home/ecb5/.ptx/2.27.0/core/xsl/utilities/pretext-enhanced-source.xsl
INFO    : XSL conversion of /home/ecb5/Dropbox/Books/MyBooks/ASORA-SecondEdition/source/main.ptx by /home/ecb5/.ptx/2.27.0/core/xsl/utilities/pretext-enhanced-source.xsl
INFO    : successful application of /home/ecb5/.ptx/2.27.0/core/xsl/utilities/pretext-enhanced-source.xsl
INFO    : XSL conversion of /home/ecb5/Dropbox/Books/MyBooks/ASORA-SecondEdition/source/main.ptx by /home/ecb5/.ptx/2.27.0/core/xsl/utilities/pretext-enhanced-source.xsl
INFO    : successful application of /home/ecb5/.ptx/2.27.0/core/xsl/utilities/pretext-enhanced-source.xsl
INFO    : Finished generating assets.

INFO    : Preparing to build into /home/ecb5/Dropbox/Books/MyBooks/ASORA-SecondEdition/output/print.
INFO    : discovering source file's directory name: /home/ecb5/Dropbox/Books/MyBooks/ASORA-SecondEdition/source
INFO    : verifying and expanding input directory: /home/ecb5/Dropbox/Books/MyBooks/ASORA-SecondEdition/source/../generated-assets
INFO    : input directory expanded to absolute path: /home/ecb5/Dropbox/Books/MyBooks/ASORA-SecondEdition/generated-assets
INFO    : verifying and expanding input directory: /home/ecb5/Dropbox/Books/MyBooks/ASORA-SecondEdition/source/../assets
INFO    : input directory expanded to absolute path: /home/ecb5/Dropbox/Books/MyBooks/ASORA-SecondEdition/assets
INFO    : discovering source file's directory name: /home/ecb5/Dropbox/Books/MyBooks/ASORA-SecondEdition/source
INFO    : XSL conversion of /home/ecb5/Dropbox/Books/MyBooks/ASORA-SecondEdition/source/main.ptx by /home/ecb5/.ptx/2.27.0/core/xsl/utilities/report-publisher-variables.xsl
INFO    : successful application of /home/ecb5/.ptx/2.27.0/core/xsl/utilities/report-publisher-variables.xsl
INFO    : converting /home/ecb5/Dropbox/Books/MyBooks/ASORA-SecondEdition/source/main.ptx to LaTeX as /tmp/ptx-qwj0egfx/main.tex
INFO    : XSL conversion of /home/ecb5/Dropbox/Books/MyBooks/ASORA-SecondEdition/source/main.ptx by /home/ecb5/.ptx/2.27.0/core/xsl/pretext-latex.xsl
INFO    : messages from the log for XSL processing:
INFO    : * PTX:INFO:   checking ONLY the last TWO YEARS of element deprecations.
Rerun with the string parameter "author.deprecations.all" set to "yes" to check your source against all deprecations.
INFO    : successful application of /home/ecb5/.ptx/2.27.0/core/xsl/pretext-latex.xsl
INFO    : XSL conversion of /home/ecb5/Dropbox/Books/MyBooks/ASORA-SecondEdition/source/main.ptx by /home/ecb5/.ptx/2.27.0/core/xsl/utilities/report-publisher-variables.xsl
INFO    : successful application of /home/ecb5/.ptx/2.27.0/core/xsl/utilities/report-publisher-variables.xsl
INFO    : Removing temporary directory /tmp/ptx-qwj0egfx
INFO    : Removing temporary directory /tmp/ptx-n9r7om_s
INFO    : Removing temporary directory /tmp/ptx-59ial4i1
INFO    : 
Finished build for target print. The output is in /home/ecb5/Dropbox/Books/MyBooks/ASORA-SecondEdition/output/print.

INFO    : 
Success!  Built requested target(s) without errors.

INFO    : 
