INFO    : Staging deployment according to strategy default_target
INFO    : Since no target was supplied, we will use "web".

INFO    : Staging latest build located in `/home/ecb5/Dropbox/Books/MyBooks/ASORA-SecondEdition/output/web` at `/home/ecb5/Dropbox/Books/MyBooks/ASORA-SecondEdition/output/stage`.
INFO    : 
INFO    : Preparing to deploy from active `main` git branch.

INFO    : Changes to project source since last commit detected.
INFO    : Committing these changes to local Git repository.

INFO    : Committing your latest build to the `gh-pages` branch.
INFO    : 
INFO    : Attempting to connect to remote repository at `https://ecb5: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@github.com/ecb5/ASORA-SecondEd.git`...
INFO    : 
INFO    : 
INFO    : Latest build successfully pushed to GitHub!

INFO    : 
INFO    : To enable GitHub Pages, visit
INFO    :     https://github.com/ecb5/ASORA-SecondEd/settings/pages
INFO    : selecting the `gh-pages` branch with the `/ (root)` folder.

INFO    : Visit
INFO    :     https://github.com/ecb5/ASORA-SecondEd/actions/
INFO    : to check on the status of your GitHub Pages deployment.

INFO    : Your built project will soon be available to the public at:
INFO    :     https://ecb5.github.io/ASORA-SecondEd/
INFO    : 
