INFO    : Building target web
INFO    : PreTeXt source passed schema validation.
INFO    : XSL conversion of /home/ecb5/Dropbox/Books/MyBooks/ASORA-SecondEdition/source/main.ptx by /home/ecb5/.ptx/2.27.0/core/xsl/utilities/pretext-enhanced-source.xsl
INFO    : successful application of /home/ecb5/.ptx/2.27.0/core/xsl/utilities/pretext-enhanced-source.xsl
INFO    : Generating any needed assets.
INFO    : XSL conversion of /home/ecb5/Dropbox/Books/MyBooks/ASORA-SecondEdition/source/main.ptx by /home/ecb5/.ptx/2.27.0/core/xsl/utilities/pretext-enhanced-source.xsl
INFO    : successful application of /home/ecb5/.ptx/2.27.0/core/xsl/utilities/pretext-enhanced-source.xsl
INFO    : XSL conversion of /home/ecb5/Dropbox/Books/MyBooks/ASORA-SecondEdition/source/main.ptx by /home/ecb5/.ptx/2.27.0/core/xsl/utilities/pretext-enhanced-source.xsl
INFO    : successful application of /home/ecb5/.ptx/2.27.0/core/xsl/utilities/pretext-enhanced-source.xsl
INFO    : XSL conversion of /home/ecb5/Dropbox/Books/MyBooks/ASORA-SecondEdition/source/main.ptx by /home/ecb5/.ptx/2.27.0/core/xsl/utilities/pretext-enhanced-source.xsl
INFO    : successful application of /home/ecb5/.ptx/2.27.0/core/xsl/utilities/pretext-enhanced-source.xsl
INFO    : XSL conversion of /home/ecb5/Dropbox/Books/MyBooks/ASORA-SecondEdition/source/main.ptx by /home/ecb5/.ptx/2.27.0/core/xsl/utilities/pretext-enhanced-source.xsl
INFO    : successful application of /home/ecb5/.ptx/2.27.0/core/xsl/utilities/pretext-enhanced-source.xsl
INFO    : XSL conversion of /home/ecb5/Dropbox/Books/MyBooks/ASORA-SecondEdition/source/main.ptx by /home/ecb5/.ptx/2.27.0/core/xsl/utilities/pretext-enhanced-source.xsl
INFO    : successful application of /home/ecb5/.ptx/2.27.0/core/xsl/utilities/pretext-enhanced-source.xsl
INFO    : XSL conversion of /home/ecb5/Dropbox/Books/MyBooks/ASORA-SecondEdition/source/main.ptx by /home/ecb5/.ptx/2.27.0/core/xsl/utilities/pretext-enhanced-source.xsl
INFO    : successful application of /home/ecb5/.ptx/2.27.0/core/xsl/utilities/pretext-enhanced-source.xsl
INFO    : XSL conversion of /home/ecb5/Dropbox/Books/MyBooks/ASORA-SecondEdition/source/main.ptx by /home/ecb5/.ptx/2.27.0/core/xsl/utilities/pretext-enhanced-source.xsl
INFO    : successful application of /home/ecb5/.ptx/2.27.0/core/xsl/utilities/pretext-enhanced-source.xsl
INFO    : XSL conversion of /home/ecb5/Dropbox/Books/MyBooks/ASORA-SecondEdition/source/main.ptx by /home/ecb5/.ptx/2.27.0/core/xsl/utilities/pretext-enhanced-source.xsl
INFO    : successful application of /home/ecb5/.ptx/2.27.0/core/xsl/utilities/pretext-enhanced-source.xsl
INFO    : XSL conversion of /home/ecb5/Dropbox/Books/MyBooks/ASORA-SecondEdition/source/main.ptx by /home/ecb5/.ptx/2.27.0/core/xsl/utilities/pretext-enhanced-source.xsl
INFO    : successful application of /home/ecb5/.ptx/2.27.0/core/xsl/utilities/pretext-enhanced-source.xsl
INFO    : XSL conversion of /home/ecb5/Dropbox/Books/MyBooks/ASORA-SecondEdition/source/main.ptx by /home/ecb5/.ptx/2.27.0/core/xsl/utilities/pretext-enhanced-source.xsl
INFO    : successful application of /home/ecb5/.ptx/2.27.0/core/xsl/utilities/pretext-enhanced-source.xsl
INFO    : XSL conversion of /home/ecb5/Dropbox/Books/MyBooks/ASORA-SecondEdition/source/main.ptx by /home/ecb5/.ptx/2.27.0/core/xsl/utilities/pretext-enhanced-source.xsl
INFO    : successful application of /home/ecb5/.ptx/2.27.0/core/xsl/utilities/pretext-enhanced-source.xsl
INFO    : XSL conversion of /home/ecb5/Dropbox/Books/MyBooks/ASORA-SecondEdition/source/main.ptx by /home/ecb5/.ptx/2.27.0/core/xsl/utilities/pretext-enhanced-source.xsl
INFO    : successful application of /home/ecb5/.ptx/2.27.0/core/xsl/utilities/pretext-enhanced-source.xsl
INFO    : XSL conversion of /home/ecb5/Dropbox/Books/MyBooks/ASORA-SecondEdition/source/main.ptx by /home/ecb5/.ptx/2.27.0/core/xsl/utilities/pretext-enhanced-source.xsl
INFO    : successful application of /home/ecb5/.ptx/2.27.0/core/xsl/utilities/pretext-enhanced-source.xsl
INFO    : XSL conversion of /home/ecb5/Dropbox/Books/MyBooks/ASORA-SecondEdition/source/main.ptx by /home/ecb5/.ptx/2.27.0/core/xsl/utilities/pretext-enhanced-source.xsl
INFO    : successful application of /home/ecb5/.ptx/2.27.0/core/xsl/utilities/pretext-enhanced-source.xsl
INFO    : XSL conversion of /home/ecb5/Dropbox/Books/MyBooks/ASORA-SecondEdition/source/main.ptx by /home/ecb5/.ptx/2.27.0/core/xsl/utilities/pretext-enhanced-source.xsl
INFO    : successful application of /home/ecb5/.ptx/2.27.0/core/xsl/utilities/pretext-enhanced-source.xsl
INFO    : Finished generating assets.

INFO    : Preparing to build into /home/ecb5/Dropbox/Books/MyBooks/ASORA-SecondEdition/output/web.
WARNING : Node.js must be installed to build CSS files.  Please install node.js and npm.
 Will try to use prebuilt CSS files instead.
WARNING : Cannot find npm.  Will try to use prebuilt CSS files instead.
WARNING : Unable to install npm packages to build css files.  Non-default CSS themes require node.js and npm to be installed.  See https://pretextbook.org/doc/guide/html/node-and-npm.html
WARNING : 
INFO    : discovering source file's directory name: /home/ecb5/Dropbox/Books/MyBooks/ASORA-SecondEdition/source
INFO    : verifying and expanding input directory: /home/ecb5/Dropbox/Books/MyBooks/ASORA-SecondEdition/source/../generated-assets
INFO    : input directory expanded to absolute path: /home/ecb5/Dropbox/Books/MyBooks/ASORA-SecondEdition/generated-assets
INFO    : verifying and expanding input directory: /home/ecb5/Dropbox/Books/MyBooks/ASORA-SecondEdition/source/../assets
INFO    : input directory expanded to absolute path: /home/ecb5/Dropbox/Books/MyBooks/ASORA-SecondEdition/assets
INFO    : discovering source file's directory name: /home/ecb5/Dropbox/Books/MyBooks/ASORA-SecondEdition/source
INFO    : XSL conversion of /home/ecb5/Dropbox/Books/MyBooks/ASORA-SecondEdition/source/main.ptx by /home/ecb5/.ptx/2.27.0/core/xsl/utilities/report-publisher-variables.xsl
INFO    : successful application of /home/ecb5/.ptx/2.27.0/core/xsl/utilities/report-publisher-variables.xsl
INFO    : Downloading rs services file from https://runestone.academy/cdn/runestone/latest/webpack_static_imports.xml.
INFO    : Runestone Services via online CDN query: version 7.9.14
INFO    : Downloading Runestone Services, version 7.9.14
INFO    : Extracting Runestone Services from archive file
INFO    : Node.js not available. Relying on prebuilt default-modern.
INFO    : Using prebuilt CSS theme: default-modern with options: {'options': {'primary-color': '#195684', 'secondary-color': '#932c1c'}, 'contrast-checks': {'primary-color': '#fff', 'secondary-color': '#fff', 'primary-color-dark': '#23241f'}}
INFO    : converting /home/ecb5/Dropbox/Books/MyBooks/ASORA-SecondEdition/source/main.ptx to HTML in /tmp/ptx-e3zu3om6
INFO    : XSL conversion of /home/ecb5/Dropbox/Books/MyBooks/ASORA-SecondEdition/source/main.ptx by /home/ecb5/.ptx/2.27.0/core/xsl/pretext-html.xsl
INFO    : messages from the log for XSL processing:
ERROR   : * PTX:ERROR: the @xml:id value "EQUATIONUpperDarbInt" should be unique, but is authored multiple times.
INFO    : *            Results will be unpredictable, and likely incorrect.  Information on the locations follows:
INFO    : *              located within: "EQUATIONUpperDarbInt" (xml:id)
INFO    : *              located within: "EQUATIONUpperDarbInt" (xml:id)
INFO    : * PTX:INFO:   checking ONLY the last TWO YEARS of element deprecations.
Rerun with the string parameter "author.deprecations.all" set to "yes" to check your source against all deprecations.
ERROR   : * PTX:ERROR:   a cross-reference ("xref") uses references [EQUATIONLowerDarbInt] that do not point to any target, or perhaps point to multiple targets.  Maybe you typed an @xml:id value wrong, maybe the target of the @xml:id is nonexistent, or maybe you temporarily removed the target from your source, or maybe an auxiliary file contains a duplicate.  Your output will contain some placeholder text that you will not want to distribute to your readers.
INFO    : *              located within: "PROBLEMPtwiseConveCommute" (xml:id)
ERROR   : * PTX:ERROR:   a cross-reference ("xref") uses references [EQUATIONLowerDarbInt] that do not point to any target, or perhaps point to multiple targets.  Maybe you typed an @xml:id value wrong, maybe the target of the @xml:id is nonexistent, or maybe you temporarily removed the target from your source, or maybe an auxiliary file contains a duplicate.  Your output will contain some placeholder text that you will not want to distribute to your readers.
INFO    : *              located within: "PROBLEMPtwiseConveCommute" (xml:id)
ERROR   : * PTX:ERROR:   a cross-reference ("xref") uses references [EQUATIONLowerDarbInt] that do not point to any target, or perhaps point to multiple targets.  Maybe you typed an @xml:id value wrong, maybe the target of the @xml:id is nonexistent, or maybe you temporarily removed the target from your source, or maybe an auxiliary file contains a duplicate.  Your output will contain some placeholder text that you will not want to distribute to your readers.
INFO    : *              located within: "PROBLEMPtwiseConveCommute" (xml:id)
ERROR   : * PTX:ERROR:   a cross-reference ("xref") uses references [EQUATIONLowerDarbInt] that do not point to any target, or perhaps point to multiple targets.  Maybe you typed an @xml:id value wrong, maybe the target of the @xml:id is nonexistent, or maybe you temporarily removed the target from your source, or maybe an auxiliary file contains a duplicate.  Your output will contain some placeholder text that you will not want to distribute to your readers.
INFO    : *              located within: "PROBLEMPtwiseConveCommute" (xml:id)
INFO    : successful application of /home/ecb5/.ptx/2.27.0/core/xsl/pretext-html.xsl
WARNING : Failed to map codechat path to xml id; codechat will not work.
INFO    : Removing temporary directory /tmp/ptx-e3zu3om6
INFO    : Removing temporary directory /tmp/ptx-bd5j5wvs
INFO    : 
Finished build for target web. Run `pretext view web` to see the results.

CRITICAL: There were errors during the build.  See above.
INFO    : ------------------------
CRITICAL: Failed to build without errors.  Exiting...
INFO    : 
----------------------------------------------------
INFO    : While running pretext, the following errors occurred:

INFO    : (see log messages above or in the 'logs' folder for more information)
INFO    : ----------------------------------------------------
