WARNING : Using CLI version 2.14.0 but project's `requirements.txt`
WARNING : is configured to use 2.13.5. Consider either installing
WARNING : CLI version 2.13.5 or running `pretext update`
WARNING : to update `requirements.txt` and other managed files to match 2.14.0.
INFO    : Building target print
INFO    : PreTeXt source passed schema validation.
INFO    : Generating any needed assets.
INFO    : Finished generating assets.

INFO    : Preparing to build into /home/ecb5/Dropbox/Books/MyBooks/ASORA-SecondEdition/output/print.
INFO    : discovering source file's directory name: /home/ecb5/Dropbox/Books/MyBooks/ASORA-SecondEdition/source
INFO    : verifying and expanding input directory: /home/ecb5/Dropbox/Books/MyBooks/ASORA-SecondEdition/source/../generated-assets
INFO    : input directory expanded to absolute path: /home/ecb5/Dropbox/Books/MyBooks/ASORA-SecondEdition/generated-assets
INFO    : verifying and expanding input directory: /home/ecb5/Dropbox/Books/MyBooks/ASORA-SecondEdition/source/../assets
INFO    : input directory expanded to absolute path: /home/ecb5/Dropbox/Books/MyBooks/ASORA-SecondEdition/assets
INFO    : XSL conversion of /home/ecb5/Dropbox/Books/MyBooks/ASORA-SecondEdition/source/main.ptx by /home/ecb5/.ptx/2.14.0/core/xsl/utilities/report-publisher-variables.xsl
INFO    : successful application of /home/ecb5/.ptx/2.14.0/core/xsl/utilities/report-publisher-variables.xsl
INFO    : converting /home/ecb5/Dropbox/Books/MyBooks/ASORA-SecondEdition/source/main.ptx to LaTeX as /tmp/ptx-brp4spz8/main.tex
INFO    : XSL conversion of /home/ecb5/Dropbox/Books/MyBooks/ASORA-SecondEdition/source/main.ptx by /home/ecb5/.ptx/2.14.0/core/xsl/pretext-latex.xsl
INFO    : messages from the log for XSL processing:
INFO    : * PTX:INFO:   checking ONLY the last TWO YEARS of element deprecations.
Rerun with the string parameter "author.deprecations.all" set to "yes" to check your source against all deprecations.
INFO    : successful application of /home/ecb5/.ptx/2.14.0/core/xsl/pretext-latex.xsl
CRITICAL: PTX:ERROR: cannot locate executable with configuration name `LatexEngine.XELATEX` as command `xelatex`
***  Edit the configuration file  ("pretext.cfg" or "project.ptx") and/or install  ***
***  the necessary program and/or make sure the executable is on your PATH         ***
INFO    : ------------------------
CRITICAL: Failed to build.  Exiting...
INFO    : 
----------------------------------------------------
INFO    : While running pretext, the following errors occurred:

INFO    : (see log messages above or in the 'logs' folder for more information)
INFO    : ----------------------------------------------------
