INFO    : Now preparing local server to preview your project directory `/home/ecb5/Dropbox/Books/MyBooks/ASORA-SecondEdition`.
INFO    :   (Reminder: use `pretext deploy` to deploy your built project to a public
INFO    :   GitHub Pages site that can be shared with readers who cannot access your
INFO    :   personal computer.)
INFO    : 
INFO    : starting server ...
INFO    : setting up PreTeXt web server ...
INFO    : Added pretext web server entry 0594b56b3c 108028 8128 localhost

INFO    : Server will soon be available at http://localhost:8128
INFO    : Opening browser for target `web` at http://localhost:8128/output/web
WARNING : Port 8128 could not be used.
WARNING : Trying port 8129 instead.

INFO    : Added pretext web server entry 0594b56b3c 108028 8129 localhost

INFO    : Server will soon be available at http://localhost:8129
INFO    : Opening browser for target `web` at http://localhost:8129/output/web
WARNING : Port 8129 could not be used.
WARNING : Trying port 8130 instead.

INFO    : Added pretext web server entry 0594b56b3c 108028 8130 localhost

INFO    : Server will soon be available at http://localhost:8130
INFO    : Opening browser for target `web` at http://localhost:8130/output/web
WARNING : Port 8130 could not be used.
WARNING : Trying port 8131 instead.

INFO    : Added pretext web server entry 0594b56b3c 108028 8131 localhost

INFO    : Server will soon be available at http://localhost:8131
INFO    : Opening browser for target `web` at http://localhost:8131/output/web
WARNING : Port 8131 could not be used.
WARNING : Trying port 8132 instead.

INFO    : There are 10 or more servers on file. Cleaning up ...
ERROR   : Attempt to terminate PreTeXt web server failed for process 2042028 on port 8128.
ERROR   : Attempt to terminate PreTeXt web server failed for process 9303 on port 8128.
ERROR   : Attempt to terminate PreTeXt web server failed for process 146241 on port 8128.
ERROR   : Attempt to terminate PreTeXt web server failed for process 631595 on port 8128.
ERROR   : Attempt to terminate PreTeXt web server failed for process 4010352 on port 8128.
